<?xml version="1.0" encoding="UTF-8"?>
<testng-results ignored="0" total="1" passed="1" failed="0" skipped="0">
  <reporter-output>
  </reporter-output>
  <suite started-at="2023-01-19T15:35:06 IST" name="Default suite" finished-at="2023-01-19T15:35:06 IST" duration-ms="54">
    <groups>
    </groups>
    <test started-at="2023-01-19T15:35:06 IST" name="Default test" finished-at="2023-01-19T15:35:06 IST" duration-ms="54">
      <class name="Practice_Maven.Intri11">
        <test-method signature="introducenew()[pri:0, instance:Practice_Maven.Intri11@446293d]" started-at="2023-01-19T15:35:06 IST" name="introducenew" finished-at="2023-01-19T15:35:06 IST" duration-ms="9" status="PASS">
          <reporter-output>
          </reporter-output>
        </test-method> <!-- introducenew -->
      </class> <!-- Practice_Maven.Intri11 -->
    </test> <!-- Default test -->
  </suite> <!-- Default suite -->
</testng-results>
